2026-06-19 20:22:38.350 [main] INFO  testCases.RegistrationTest - ***** Entering Registration Details *****
2026-06-19 20:22:40.625 [main] INFO  testCases.RegistrationTest - ***** Registration Completed *****
2026-06-19 20:22:40.647 [main] INFO  testBase.Base - ****Starting Login Test****
2026-06-19 20:22:40.648 [main] INFO  testBase.Base - ****Starting Login Test****
2026-06-19 20:27:15.232 [main] INFO  testCases.LoginTest - ****Starting Login Test****
2026-06-19 20:27:15.247 [main] INFO  testCases.LoginTest - ****Starting Login Test****
2026-06-19 20:27:16.370 [main] INFO  testCases.LoginTest - account page verification
2026-06-19 20:27:27.951 [main] INFO  testCases.LoginTest - Login Test failed
2026-06-19 20:33:52.230 [main] INFO  testCases.LoginTest - ****Starting Login Test****
2026-06-19 20:33:52.242 [main] INFO  testCases.LoginTest - ****Starting Login Test****
2026-06-22 12:12:40.820 [main] INFO  testCases.LoginTest - ****Starting Login Test****
2026-06-22 12:12:40.837 [main] INFO  testCases.LoginTest - ****Starting Login Test****
2026-06-22 12:16:08.051 [main] INFO  testCases.LoginTest - ****Starting Login Test****
2026-06-22 12:16:08.053 [main] INFO  testCases.LoginTest - ****Starting Login Test****
2026-06-22 12:17:48.142 [main] INFO  testCases.LoginTest - ****Starting Login Test****
2026-06-22 12:17:48.156 [main] INFO  testCases.LoginTest - ****Starting Login Test****
2026-06-22 12:17:50.549 [main] INFO  testCases.LoginTest - account page verification
2026-06-22 12:18:00.715 [main] INFO  testCases.LoginTest - Login Test failed
2026-06-22 12:19:09.491 [main] INFO  testCases.LoginTest - ****Starting Login Test****
2026-06-22 12:19:15.182 [main] INFO  testCases.LoginTest - account page verification
2026-06-22 12:19:25.622 [main] INFO  testCases.LoginTest - Login Test failed
2026-06-22 12:23:41.706 [main] INFO  testCases.LoginTest - ****Starting Login Test****
2026-06-22 12:25:20.474 [main] INFO  testCases.LoginTest - ****Starting Login Test****
2026-06-22 12:25:28.105 [main] INFO  testCases.LoginTest - account page verification
2026-06-22 12:25:28.291 [main] INFO  testCases.LoginTest - Login Test failed
2026-06-22 12:27:18.668 [main] INFO  testCases.LoginTest - ****Starting Login Test****
2026-06-22 12:27:24.840 [main] INFO  testCases.LoginTest - account page verification
2026-06-22 12:27:24.981 [main] INFO  testCases.LoginTest - Login Test failed
2026-06-22 19:12:29.778 [main] INFO  testCases.LoginTest - ****Starting Login Test****
2026-06-22 19:12:33.826 [main] INFO  testCases.LoginTest - account page verification
2026-06-22 19:12:34.806 [main] INFO  testCases.LoginTest - Login Test failed
2026-06-22 19:32:42.909 [main] INFO  testCases.LoginTest - ****Starting Login Test****
2026-06-22 19:32:47.864 [main] INFO  testCases.LoginTest - account page verification
2026-06-22 19:32:47.979 [main] INFO  testCases.LoginTest - Login Test failed
2026-06-22 19:41:52.539 [main] INFO  testCases.LoginTest - ****Starting Login Test****
2026-06-22 19:41:56.856 [main] INFO  testCases.LoginTest - account page verification
2026-06-22 19:41:57.828 [main] INFO  testCases.LoginTest - Login Test failed
2026-06-22 19:51:25.786 [main] INFO  testCases.LoginTest - ****Starting Login Test****
2026-06-22 19:51:30.346 [main] INFO  testCases.LoginTest - account page verification
2026-06-22 19:51:31.406 [main] INFO  testCases.LoginTest - Login Test failed
2026-06-24 10:41:12.852 [main] INFO  testCases.LoginTest - ****Starting Login Test****
2026-06-24 10:41:16.475 [main] INFO  testCases.LoginTest - account page verification
2026-06-24 10:41:17.494 [main] INFO  testCases.LoginTest - Login Test failed
2026-06-24 10:42:08.803 [main] INFO  testCases.LoginTest - ****Starting Login Test****
2026-06-24 10:42:12.933 [main] INFO  testCases.LoginTest - account page verification
2026-06-24 10:42:13.874 [main] INFO  testCases.LoginTest - Login Test failed
2026-06-24 10:43:09.089 [main] INFO  testCases.LoginTest - ****Starting Login Test****
2026-06-24 10:43:12.709 [main] INFO  testCases.LoginTest - account page verification
2026-06-24 10:43:13.626 [main] INFO  testCases.LoginTest - Login Test failed
2026-06-24 10:44:09.056 [main] INFO  testCases.LoginTest - ****Starting Login Test****
2026-06-24 10:44:12.459 [main] INFO  testCases.LoginTest - account page verification
2026-06-24 10:44:13.356 [main] INFO  testCases.LoginTest - Login Test failed
2026-06-24 10:45:09.297 [main] INFO  testCases.LoginTest - ****Starting Login Test****
2026-06-24 10:45:13.749 [main] INFO  testCases.LoginTest - account page verification
2026-06-24 10:45:13.838 [main] INFO  testCases.LoginTest - Login Test failed
2026-06-24 11:16:02.971 [main] INFO  testCases.LoginTest - ****Starting Login Test****
2026-06-24 11:16:08.151 [main] INFO  testCases.LoginTest - account page verification
2026-06-24 11:16:09.014 [main] INFO  testCases.LoginTest - Login Test failed
2026-06-24 11:17:54.199 [main] INFO  testCases.LoginTest - ****Starting Login Test****
